Analysis & Synthesis report for memoriaCache
Tue Sep 13 00:47:46 2022
Quartus II 64-Bit Version 13.0.1 Build 232 06/12/2013 Service Pack 1 SJ Web Edition


---------------------
; Table of Contents ;
---------------------
  1. Legal Notice
  2. Analysis & Synthesis Summary
  3. Analysis & Synthesis Settings
  4. Parallel Compilation
  5. Analysis & Synthesis Source Files Read
  6. Analysis & Synthesis Resource Usage Summary
  7. Analysis & Synthesis Resource Utilization by Entity
  8. Analysis & Synthesis RAM Summary
  9. Analysis & Synthesis IP Cores Summary
 10. Registers Removed During Synthesis
 11. Removed Registers Triggering Further Register Optimizations
 12. General Register Statistics
 13. Inverted Register Statistics
 14. Multiplexer Restructuring Statistics (Restructuring Performed)
 15. Source assignments for memoriaPrincipal:ram|altsyncram:altsyncram_component|altsyncram_nbf1:auto_generated
 16. Parameter Settings for User Entity Instance: memoriaPrincipal:ram|altsyncram:altsyncram_component
 17. altsyncram Parameter Settings by Entity Instance
 18. Elapsed Time Per Partition
 19. Analysis & Synthesis Messages
 20. Analysis & Synthesis Suppressed Messages



----------------
; Legal Notice ;
----------------
Copyright (C) 1991-2013 Altera Corporation
Your use of Altera Corporation's design tools, logic functions 
and other software and tools, and its AMPP partner logic 
functions, and any output files from any of the foregoing 
(including device programming or simulation files), and any 
associated documentation or information are expressly subject 
to the terms and conditions of the Altera Program License 
Subscription Agreement, Altera MegaCore Function License 
Agreement, or other applicable license agreement, including, 
without limitation, that your use is for the sole purpose of 
programming logic devices manufactured by Altera and sold by 
Altera or its authorized distributors.  Please refer to the 
applicable agreement for further details.



+--------------------------------------------------------------------------------------+
; Analysis & Synthesis Summary                                                         ;
+------------------------------------+-------------------------------------------------+
; Analysis & Synthesis Status        ; Successful - Tue Sep 13 00:47:46 2022           ;
; Quartus II 64-Bit Version          ; 13.0.1 Build 232 06/12/2013 SP 1 SJ Web Edition ;
; Revision Name                      ; memoriaCache                                    ;
; Top-level Entity Name              ; memoriaCache                                    ;
; Family                             ; Cyclone II                                      ;
; Total logic elements               ; 173                                             ;
;     Total combinational functions  ; 138                                             ;
;     Dedicated logic registers      ; 85                                              ;
; Total registers                    ; 85                                              ;
; Total pins                         ; 21                                              ;
; Total virtual pins                 ; 0                                               ;
; Total memory bits                  ; 48                                              ;
; Embedded Multiplier 9-bit elements ; 0                                               ;
; Total PLLs                         ; 0                                               ;
+------------------------------------+-------------------------------------------------+


+----------------------------------------------------------------------------------------------------------------------+
; Analysis & Synthesis Settings                                                                                        ;
+----------------------------------------------------------------------------+--------------------+--------------------+
; Option                                                                     ; Setting            ; Default Value      ;
+----------------------------------------------------------------------------+--------------------+--------------------+
; Device                                                                     ; EP2C35F672C6       ;                    ;
; Top-level entity name                                                      ; memoriaCache       ; memoriaCache       ;
; Family name                                                                ; Cyclone II         ; Cyclone IV GX      ;
; Use smart compilation                                                      ; Off                ; Off                ;
; Enable parallel Assembler and TimeQuest Timing Analyzer during compilation ; On                 ; On                 ;
; Enable compact report table                                                ; Off                ; Off                ;
; Restructure Multiplexers                                                   ; Auto               ; Auto               ;
; Create Debugging Nodes for IP Cores                                        ; Off                ; Off                ;
; Preserve fewer node names                                                  ; On                 ; On                 ;
; Disable OpenCore Plus hardware evaluation                                  ; Off                ; Off                ;
; Verilog Version                                                            ; Verilog_2001       ; Verilog_2001       ;
; VHDL Version                                                               ; VHDL_1993          ; VHDL_1993          ;
; State Machine Processing                                                   ; Auto               ; Auto               ;
; Safe State Machine                                                         ; Off                ; Off                ;
; Extract Verilog State Machines                                             ; On                 ; On                 ;
; Extract VHDL State Machines                                                ; On                 ; On                 ;
; Ignore Verilog initial constructs                                          ; Off                ; Off                ;
; Iteration limit for constant Verilog loops                                 ; 5000               ; 5000               ;
; Iteration limit for non-constant Verilog loops                             ; 250                ; 250                ;
; Add Pass-Through Logic to Inferred RAMs                                    ; On                 ; On                 ;
; Infer RAMs from Raw Logic                                                  ; On                 ; On                 ;
; Parallel Synthesis                                                         ; On                 ; On                 ;
; DSP Block Balancing                                                        ; Auto               ; Auto               ;
; NOT Gate Push-Back                                                         ; On                 ; On                 ;
; Power-Up Don't Care                                                        ; On                 ; On                 ;
; Remove Redundant Logic Cells                                               ; Off                ; Off                ;
; Remove Duplicate Registers                                                 ; On                 ; On                 ;
; Ignore CARRY Buffers                                                       ; Off                ; Off                ;
; Ignore CASCADE Buffers                                                     ; Off                ; Off                ;
; Ignore GLOBAL Buffers                                                      ; Off                ; Off                ;
; Ignore ROW GLOBAL Buffers                                                  ; Off                ; Off                ;
; Ignore LCELL Buffers                                                       ; Off                ; Off                ;
; Ignore SOFT Buffers                                                        ; On                 ; On                 ;
; Limit AHDL Integers to 32 Bits                                             ; Off                ; Off                ;
; Optimization Technique                                                     ; Balanced           ; Balanced           ;
; Carry Chain Length                                                         ; 70                 ; 70                 ;
; Auto Carry Chains                                                          ; On                 ; On                 ;
; Auto Open-Drain Pins                                                       ; On                 ; On                 ;
; Perform WYSIWYG Primitive Resynthesis                                      ; Off                ; Off                ;
; Auto ROM Replacement                                                       ; On                 ; On                 ;
; Auto RAM Replacement                                                       ; On                 ; On                 ;
; Auto Shift Register Replacement                                            ; Auto               ; Auto               ;
; Allow Shift Register Merging across Hierarchies                            ; Auto               ; Auto               ;
; Auto Clock Enable Replacement                                              ; On                 ; On                 ;
; Strict RAM Replacement                                                     ; Off                ; Off                ;
; Allow Synchronous Control Signals                                          ; On                 ; On                 ;
; Force Use of Synchronous Clear Signals                                     ; Off                ; Off                ;
; Auto RAM to Logic Cell Conversion                                          ; Off                ; Off                ;
; Auto Resource Sharing                                                      ; Off                ; Off                ;
; Allow Any RAM Size For Recognition                                         ; Off                ; Off                ;
; Allow Any ROM Size For Recognition                                         ; Off                ; Off                ;
; Allow Any Shift Register Size For Recognition                              ; Off                ; Off                ;
; Use LogicLock Constraints during Resource Balancing                        ; On                 ; On                 ;
; Ignore translate_off and synthesis_off directives                          ; Off                ; Off                ;
; Timing-Driven Synthesis                                                    ; Off                ; Off                ;
; Report Parameter Settings                                                  ; On                 ; On                 ;
; Report Source Assignments                                                  ; On                 ; On                 ;
; Report Connectivity Checks                                                 ; On                 ; On                 ;
; Ignore Maximum Fan-Out Assignments                                         ; Off                ; Off                ;
; Synchronization Register Chain Length                                      ; 2                  ; 2                  ;
; PowerPlay Power Optimization                                               ; Normal compilation ; Normal compilation ;
; HDL message level                                                          ; Level2             ; Level2             ;
; Suppress Register Optimization Related Messages                            ; Off                ; Off                ;
; Number of Removed Registers Reported in Synthesis Report                   ; 5000               ; 5000               ;
; Number of Swept Nodes Reported in Synthesis Report                         ; 5000               ; 5000               ;
; Number of Inverted Registers Reported in Synthesis Report                  ; 100                ; 100                ;
; Clock MUX Protection                                                       ; On                 ; On                 ;
; Auto Gated Clock Conversion                                                ; Off                ; Off                ;
; Block Design Naming                                                        ; Auto               ; Auto               ;
; SDC constraint protection                                                  ; Off                ; Off                ;
; Synthesis Effort                                                           ; Auto               ; Auto               ;
; Shift Register Replacement - Allow Asynchronous Clear Signal               ; On                 ; On                 ;
; Pre-Mapping Resynthesis Optimization                                       ; Off                ; Off                ;
; Analysis & Synthesis Message Level                                         ; Medium             ; Medium             ;
; Disable Register Merging Across Hierarchies                                ; Auto               ; Auto               ;
; Resource Aware Inference For Block RAM                                     ; On                 ; On                 ;
; Synthesis Seed                                                             ; 1                  ; 1                  ;
+----------------------------------------------------------------------------+--------------------+--------------------+


Parallel compilation was disabled, but you have multiple processors available. Enable parallel compilation to reduce compilation time.
+-------------------------------------+
; Parallel Compilation                ;
+----------------------------+--------+
; Processors                 ; Number ;
+----------------------------+--------+
; Number detected on machine ; 12     ;
; Maximum allowed            ; 1      ;
+----------------------------+--------+


+----------------------------------------------------------------------------------------------------------------------------------------------------------------------------------+
; Analysis & Synthesis Source Files Read                                                                                                                                           ;
+----------------------------------+-----------------+----------------------------------+--------------------------------------------------------------------------------+---------+
; File Name with User-Entered Path ; Used in Netlist ; File Type                        ; File Name with Absolute Path                                                   ; Library ;
+----------------------------------+-----------------+----------------------------------+--------------------------------------------------------------------------------+---------+
; memoriaCache.v                   ; yes             ; User Verilog HDL File            ; C:/Users/Vitão/Desktop/Codes/LAOC2/projetoMemoriaCache/memoriaCache.v          ;         ;
; arquivoMemoriaCache.mif          ; yes             ; User Memory Initialization File  ; C:/Users/Vitão/Desktop/Codes/LAOC2/projetoMemoriaCache/arquivoMemoriaCache.mif ;         ;
; memoriaPrincipal.v               ; yes             ; User Wizard-Generated File       ; C:/Users/Vitão/Desktop/Codes/LAOC2/projetoMemoriaCache/memoriaPrincipal.v      ;         ;
; altsyncram.tdf                   ; yes             ; Megafunction                     ; c:/altera/13.0sp1/quartus/libraries/megafunctions/altsyncram.tdf               ;         ;
; stratix_ram_block.inc            ; yes             ; Megafunction                     ; c:/altera/13.0sp1/quartus/libraries/megafunctions/stratix_ram_block.inc        ;         ;
; lpm_mux.inc                      ; yes             ; Megafunction                     ; c:/altera/13.0sp1/quartus/libraries/megafunctions/lpm_mux.inc                  ;         ;
; lpm_decode.inc                   ; yes             ; Megafunction                     ; c:/altera/13.0sp1/quartus/libraries/megafunctions/lpm_decode.inc               ;         ;
; aglobal130.inc                   ; yes             ; Megafunction                     ; c:/altera/13.0sp1/quartus/libraries/megafunctions/aglobal130.inc               ;         ;
; a_rdenreg.inc                    ; yes             ; Megafunction                     ; c:/altera/13.0sp1/quartus/libraries/megafunctions/a_rdenreg.inc                ;         ;
; altrom.inc                       ; yes             ; Megafunction                     ; c:/altera/13.0sp1/quartus/libraries/megafunctions/altrom.inc                   ;         ;
; altram.inc                       ; yes             ; Megafunction                     ; c:/altera/13.0sp1/quartus/libraries/megafunctions/altram.inc                   ;         ;
; altdpram.inc                     ; yes             ; Megafunction                     ; c:/altera/13.0sp1/quartus/libraries/megafunctions/altdpram.inc                 ;         ;
; db/altsyncram_nbf1.tdf           ; yes             ; Auto-Generated Megafunction      ; C:/Users/Vitão/Desktop/Codes/LAOC2/projetoMemoriaCache/db/altsyncram_nbf1.tdf  ;         ;
+----------------------------------+-----------------+----------------------------------+--------------------------------------------------------------------------------+---------+


+-----------------------------------------------------+
; Analysis & Synthesis Resource Usage Summary         ;
+---------------------------------------------+-------+
; Resource                                    ; Usage ;
+---------------------------------------------+-------+
; Estimated Total logic elements              ; 173   ;
;                                             ;       ;
; Total combinational functions               ; 138   ;
; Logic element usage by number of LUT inputs ;       ;
;     -- 4 input functions                    ; 84    ;
;     -- 3 input functions                    ; 35    ;
;     -- <=2 input functions                  ; 19    ;
;                                             ;       ;
; Logic elements by mode                      ;       ;
;     -- normal mode                          ; 138   ;
;     -- arithmetic mode                      ; 0     ;
;                                             ;       ;
; Total registers                             ; 85    ;
;     -- Dedicated logic registers            ; 85    ;
;     -- I/O registers                        ; 0     ;
;                                             ;       ;
; I/O pins                                    ; 21    ;
; Total memory bits                           ; 48    ;
; Embedded Multiplier 9-bit elements          ; 0     ;
; Maximum fan-out node                        ; clock ;
; Maximum fan-out                             ; 88    ;
; Total fan-out                               ; 727   ;
; Average fan-out                             ; 2.94  ;
+---------------------------------------------+-------+


+--------------------------------------------------------------------------------------------------------------------------------------------------------------------------------------------------------------------------------------------------------------------------+
; Analysis & Synthesis Resource Utilization by Entity                                                                                                                                                                                                                      ;
+-------------------------------------------+-------------------+--------------+-------------+--------------+---------+-----------+------+--------------+---------------------------------------------------------------------------------------------------+--------------+
; Compilation Hierarchy Node                ; LC Combinationals ; LC Registers ; Memory Bits ; DSP Elements ; DSP 9x9 ; DSP 18x18 ; Pins ; Virtual Pins ; Full Hierarchy Name                                                                               ; Library Name ;
+-------------------------------------------+-------------------+--------------+-------------+--------------+---------+-----------+------+--------------+---------------------------------------------------------------------------------------------------+--------------+
; |memoriaCache                             ; 138 (138)         ; 85 (85)      ; 48          ; 0            ; 0       ; 0         ; 21   ; 0            ; |memoriaCache                                                                                     ; work         ;
;    |memoriaPrincipal:ram|                 ; 0 (0)             ; 0 (0)        ; 48          ; 0            ; 0       ; 0         ; 0    ; 0            ; |memoriaCache|memoriaPrincipal:ram                                                                ; work         ;
;       |altsyncram:altsyncram_component|   ; 0 (0)             ; 0 (0)        ; 48          ; 0            ; 0       ; 0         ; 0    ; 0            ; |memoriaCache|memoriaPrincipal:ram|altsyncram:altsyncram_component                                ; work         ;
;          |altsyncram_nbf1:auto_generated| ; 0 (0)             ; 0 (0)        ; 48          ; 0            ; 0       ; 0         ; 0    ; 0            ; |memoriaCache|memoriaPrincipal:ram|altsyncram:altsyncram_component|altsyncram_nbf1:auto_generated ; work         ;
+-------------------------------------------+-------------------+--------------+-------------+--------------+---------+-----------+------+--------------+---------------------------------------------------------------------------------------------------+--------------+
Note: For table entries with two numbers listed, the numbers in parentheses indicate the number of resources of the given type used by the specific entity alone. The numbers listed outside of parentheses indicate the total resources of the given type used by the specific entity and all of its sub-entities in the hierarchy.


+------------------------------------------------------------------------------------------------------------------------------------------------------------------------------------------------------------------+
; Analysis & Synthesis RAM Summary                                                                                                                                                                                 ;
+------------------------------------------------------------------------------------------------+------+-------------+--------------+--------------+--------------+--------------+------+-------------------------+
; Name                                                                                           ; Type ; Mode        ; Port A Depth ; Port A Width ; Port B Depth ; Port B Width ; Size ; MIF                     ;
+------------------------------------------------------------------------------------------------+------+-------------+--------------+--------------+--------------+--------------+------+-------------------------+
; memoriaPrincipal:ram|altsyncram:altsyncram_component|altsyncram_nbf1:auto_generated|ALTSYNCRAM ; M4K  ; Single Port ; 16           ; 3            ; --           ; --           ; 48   ; arquivoMemoriaCache.mif ;
+------------------------------------------------------------------------------------------------+------+-------------+--------------+--------------+--------------+--------------+------+-------------------------+


+--------------------------------------------------------------------------------------------------------------------------------------------------------------------------------+
; Analysis & Synthesis IP Cores Summary                                                                                                                                          ;
+--------+--------------+---------+--------------+--------------+------------------------------------+---------------------------------------------------------------------------+
; Vendor ; IP Core Name ; Version ; Release Date ; License Type ; Entity Instance                    ; IP Include File                                                           ;
+--------+--------------+---------+--------------+--------------+------------------------------------+---------------------------------------------------------------------------+
; Altera ; RAM: 1-PORT  ; N/A     ; N/A          ; N/A          ; |memoriaCache|memoriaPrincipal:ram ; C:/Users/Vitão/Desktop/Codes/LAOC2/projetoMemoriaCache/memoriaPrincipal.v ;
+--------+--------------+---------+--------------+--------------+------------------------------------+---------------------------------------------------------------------------+


+---------------------------------------------------------------------------------+
; Registers Removed During Synthesis                                              ;
+----------------------------------------+----------------------------------------+
; Register name                          ; Reason for Removal                     ;
+----------------------------------------+----------------------------------------+
; writeEnable                            ; Stuck at VCC due to stuck port data_in ;
; via1[1]                                ; Merged with via2[1]                    ;
; via1[2]                                ; Merged with via2[2]                    ;
; via1[19,21..23]                        ; Merged with via2[3]                    ;
; via2[24,28]                            ; Merged with via2[3]                    ;
; via1[0,4,18,27,28]                     ; Merged with via2[3]                    ;
; via2[5..7,9..11]                       ; Merged with via2[3]                    ;
; via1[8]                                ; Merged with via2[3]                    ;
; via2[12..15,17..19]                    ; Merged with via2[3]                    ;
; via1[20]                               ; Merged with via2[3]                    ;
; via2[20,21,26]                         ; Merged with via2[3]                    ;
; via1[17]                               ; Merged with via2[3]                    ;
; via2[22,23,25]                         ; Merged with via2[3]                    ;
; via1[24]                               ; Merged with via2[3]                    ;
; via2[27,29]                            ; Merged with via2[3]                    ;
; via1[16,25]                            ; Merged with via2[3]                    ;
; via2[30,31]                            ; Merged with via2[3]                    ;
; via1[31]                               ; Merged with via2[3]                    ;
; via2[4]                                ; Merged with via2[3]                    ;
; via1[3,12]                             ; Merged with via2[3]                    ;
; via2[8]                                ; Merged with via2[3]                    ;
; via1[5..7,9..11,29]                    ; Merged with via2[3]                    ;
; via2[16]                               ; Merged with via2[3]                    ;
; via1[13..15,26,30]                     ; Merged with via2[3]                    ;
; via2[3]                                ; Stuck at GND due to stuck port data_in ;
; via2[0..2]                             ; Lost fanout                            ;
; cache[1][8]                            ; Stuck at VCC due to stuck port data_in ;
; cache[3][8]                            ; Stuck at VCC due to stuck port data_in ;
; cache[2][8]                            ; Stuck at VCC due to stuck port data_in ;
; cache[3][7]                            ; Merged with cache[2][7]                ;
; cache[1][7]                            ; Merged with cache[0][7]                ;
; Total Number of Removed Registers = 70 ;                                        ;
+----------------------------------------+----------------------------------------+


+------------------------------------------------------------------------------------+
; Removed Registers Triggering Further Register Optimizations                        ;
+---------------+---------------------------+----------------------------------------+
; Register name ; Reason for Removal        ; Registers Removed due to This Register ;
+---------------+---------------------------+----------------------------------------+
; writeEnable   ; Stuck at VCC              ; via2[2], via2[1]                       ;
;               ; due to stuck port data_in ;                                        ;
+---------------+---------------------------+----------------------------------------+


+------------------------------------------------------+
; General Register Statistics                          ;
+----------------------------------------------+-------+
; Statistic                                    ; Value ;
+----------------------------------------------+-------+
; Total registers                              ; 85    ;
; Number of registers using Synchronous Clear  ; 0     ;
; Number of registers using Synchronous Load   ; 0     ;
; Number of registers using Asynchronous Clear ; 0     ;
; Number of registers using Asynchronous Load  ; 0     ;
; Number of registers using Clock Enable       ; 61    ;
; Number of registers using Preset             ; 0     ;
+----------------------------------------------+-------+


+---------------------------------------------------+
; Inverted Register Statistics                      ;
+-----------------------------------------+---------+
; Inverted Register                       ; Fan out ;
+-----------------------------------------+---------+
; cache[0][5]                             ; 1       ;
; cache[3][3]                             ; 2       ;
; cache[1][3]                             ; 1       ;
; cache[1][5]                             ; 1       ;
; cache[2][0]                             ; 1       ;
; cache[0][0]                             ; 1       ;
; cache[3][0]                             ; 1       ;
; cache[2][1]                             ; 1       ;
; cache[0][1]                             ; 1       ;
; cache[3][1]                             ; 1       ;
; cache[3][2]                             ; 1       ;
; cache[1][2]                             ; 2       ;
; Total number of inverted registers = 12 ;         ;
+-----------------------------------------+---------+


+------------------------------------------------------------------------------------------------------------------------------------------+
; Multiplexer Restructuring Statistics (Restructuring Performed)                                                                           ;
+--------------------+-----------+---------------+----------------------+------------------------+------------+----------------------------+
; Multiplexer Inputs ; Bus Width ; Baseline Area ; Area if Restructured ; Saving if Restructured ; Registered ; Example Multiplexer Output ;
+--------------------+-----------+---------------+----------------------+------------------------+------------+----------------------------+
; 3:1                ; 2 bits    ; 4 LEs         ; 0 LEs                ; 4 LEs                  ; Yes        ; |memoriaCache|cache[3][5]  ;
; 3:1                ; 3 bits    ; 6 LEs         ; 0 LEs                ; 6 LEs                  ; Yes        ; |memoriaCache|cache[5][5]  ;
; 3:1                ; 3 bits    ; 6 LEs         ; 0 LEs                ; 6 LEs                  ; Yes        ; |memoriaCache|cache[7][4]  ;
; 4:1                ; 2 bits    ; 4 LEs         ; 0 LEs                ; 4 LEs                  ; Yes        ; |memoriaCache|cache[0][4]  ;
; 4:1                ; 3 bits    ; 6 LEs         ; 0 LEs                ; 6 LEs                  ; Yes        ; |memoriaCache|cache[2][5]  ;
; 4:1                ; 3 bits    ; 6 LEs         ; 0 LEs                ; 6 LEs                  ; Yes        ; |memoriaCache|cache[4][5]  ;
; 4:1                ; 3 bits    ; 6 LEs         ; 0 LEs                ; 6 LEs                  ; Yes        ; |memoriaCache|cache[6][5]  ;
; 4:1                ; 2 bits    ; 4 LEs         ; 0 LEs                ; 4 LEs                  ; Yes        ; |memoriaCache|varEndMem[1] ;
; 4:1                ; 5 bits    ; 10 LEs        ; 5 LEs                ; 5 LEs                  ; Yes        ; |memoriaCache|varEndMem[3] ;
; 4:1                ; 11 bits   ; 22 LEs        ; 11 LEs               ; 11 LEs                 ; Yes        ; |memoriaCache|valid~reg0   ;
; 9:1                ; 2 bits    ; 12 LEs        ; 2 LEs                ; 10 LEs                 ; Yes        ; |memoriaCache|cache[1][1]  ;
; 9:1                ; 3 bits    ; 18 LEs        ; 3 LEs                ; 15 LEs                 ; Yes        ; |memoriaCache|cache[5][1]  ;
; 9:1                ; 3 bits    ; 18 LEs        ; 3 LEs                ; 15 LEs                 ; Yes        ; |memoriaCache|cache[7][1]  ;
; 10:1               ; 3 bits    ; 18 LEs        ; 3 LEs                ; 15 LEs                 ; Yes        ; |memoriaCache|cache[4][0]  ;
; 10:1               ; 3 bits    ; 18 LEs        ; 3 LEs                ; 15 LEs                 ; Yes        ; |memoriaCache|cache[6][0]  ;
; 3:1                ; 2 bits    ; 4 LEs         ; 0 LEs                ; 4 LEs                  ; Yes        ; |memoriaCache|cache[1][3]  ;
; 9:1                ; 3 bits    ; 18 LEs        ; 3 LEs                ; 15 LEs                 ; Yes        ; |memoriaCache|cache[3][1]  ;
; 10:1               ; 2 bits    ; 12 LEs        ; 2 LEs                ; 10 LEs                 ; Yes        ; |memoriaCache|cache[0][0]  ;
; 10:1               ; 2 bits    ; 12 LEs        ; 2 LEs                ; 10 LEs                 ; Yes        ; |memoriaCache|cache[2][1]  ;
; 5:1                ; 2 bits    ; 6 LEs         ; 6 LEs                ; 0 LEs                  ; No         ; |memoriaCache|via2         ;
; 4:1                ; 9 bits    ; 18 LEs        ; 18 LEs               ; 0 LEs                  ; No         ; |memoriaCache|Mux6         ;
; 5:1                ; 8 bits    ; 24 LEs        ; 24 LEs               ; 0 LEs                  ; No         ; |memoriaCache|Mux19        ;
+--------------------+-----------+---------------+----------------------+------------------------+------------+----------------------------+


+------------------------------------------------------------------------------------------------------------+
; Source assignments for memoriaPrincipal:ram|altsyncram:altsyncram_component|altsyncram_nbf1:auto_generated ;
+---------------------------------+--------------------+------+----------------------------------------------+
; Assignment                      ; Value              ; From ; To                                           ;
+---------------------------------+--------------------+------+----------------------------------------------+
; OPTIMIZE_POWER_DURING_SYNTHESIS ; NORMAL_COMPILATION ; -    ; -                                            ;
+---------------------------------+--------------------+------+----------------------------------------------+


+---------------------------------------------------------------------------------------------------+
; Parameter Settings for User Entity Instance: memoriaPrincipal:ram|altsyncram:altsyncram_component ;
+------------------------------------+-------------------------+------------------------------------+
; Parameter Name                     ; Value                   ; Type                               ;
+------------------------------------+-------------------------+------------------------------------+
; BYTE_SIZE_BLOCK                    ; 8                       ; Untyped                            ;
; AUTO_CARRY_CHAINS                  ; ON                      ; AUTO_CARRY                         ;
; IGNORE_CARRY_BUFFERS               ; OFF                     ; IGNORE_CARRY                       ;
; AUTO_CASCADE_CHAINS                ; ON                      ; AUTO_CASCADE                       ;
; IGNORE_CASCADE_BUFFERS             ; OFF                     ; IGNORE_CASCADE                     ;
; WIDTH_BYTEENA                      ; 1                       ; Untyped                            ;
; OPERATION_MODE                     ; SINGLE_PORT             ; Untyped                            ;
; WIDTH_A                            ; 3                       ; Signed Integer                     ;
; WIDTHAD_A                          ; 4                       ; Signed Integer                     ;
; NUMWORDS_A                         ; 16                      ; Signed Integer                     ;
; OUTDATA_REG_A                      ; CLOCK0                  ; Untyped                            ;
; ADDRESS_ACLR_A                     ; NONE                    ; Untyped                            ;
; OUTDATA_ACLR_A                     ; NONE                    ; Untyped                            ;
; WRCONTROL_ACLR_A                   ; NONE                    ; Untyped                            ;
; INDATA_ACLR_A                      ; NONE                    ; Untyped                            ;
; BYTEENA_ACLR_A                     ; NONE                    ; Untyped                            ;
; WIDTH_B                            ; 1                       ; Untyped                            ;
; WIDTHAD_B                          ; 1                       ; Untyped                            ;
; NUMWORDS_B                         ; 1                       ; Untyped                            ;
; INDATA_REG_B                       ; CLOCK1                  ; Untyped                            ;
; WRCONTROL_WRADDRESS_REG_B          ; CLOCK1                  ; Untyped                            ;
; RDCONTROL_REG_B                    ; CLOCK1                  ; Untyped                            ;
; ADDRESS_REG_B                      ; CLOCK1                  ; Untyped                            ;
; OUTDATA_REG_B                      ; UNREGISTERED            ; Untyped                            ;
; BYTEENA_REG_B                      ; CLOCK1                  ; Untyped                            ;
; INDATA_ACLR_B                      ; NONE                    ; Untyped                            ;
; WRCONTROL_ACLR_B                   ; NONE                    ; Untyped                            ;
; ADDRESS_ACLR_B                     ; NONE                    ; Untyped                            ;
; OUTDATA_ACLR_B                     ; NONE                    ; Untyped                            ;
; RDCONTROL_ACLR_B                   ; NONE                    ; Untyped                            ;
; BYTEENA_ACLR_B                     ; NONE                    ; Untyped                            ;
; WIDTH_BYTEENA_A                    ; 1                       ; Signed Integer                     ;
; WIDTH_BYTEENA_B                    ; 1                       ; Untyped                            ;
; RAM_BLOCK_TYPE                     ; M4K                     ; Untyped                            ;
; BYTE_SIZE                          ; 8                       ; Untyped                            ;
; READ_DURING_WRITE_MODE_MIXED_PORTS ; DONT_CARE               ; Untyped                            ;
; READ_DURING_WRITE_MODE_PORT_A      ; NEW_DATA_NO_NBE_READ    ; Untyped                            ;
; READ_DURING_WRITE_MODE_PORT_B      ; NEW_DATA_NO_NBE_READ    ; Untyped                            ;
; INIT_FILE                          ; arquivoMemoriaCache.mif ; Untyped                            ;
; INIT_FILE_LAYOUT                   ; PORT_A                  ; Untyped                            ;
; MAXIMUM_DEPTH                      ; 0                       ; Untyped                            ;
; CLOCK_ENABLE_INPUT_A               ; BYPASS                  ; Untyped                            ;
; CLOCK_ENABLE_INPUT_B               ; NORMAL                  ; Untyped                            ;
; CLOCK_ENABLE_OUTPUT_A              ; BYPASS                  ; Untyped                            ;
; CLOCK_ENABLE_OUTPUT_B              ; NORMAL                  ; Untyped                            ;
; CLOCK_ENABLE_CORE_A                ; USE_INPUT_CLKEN         ; Untyped                            ;
; CLOCK_ENABLE_CORE_B                ; USE_INPUT_CLKEN         ; Untyped                            ;
; ENABLE_ECC                         ; FALSE                   ; Untyped                            ;
; ECC_PIPELINE_STAGE_ENABLED         ; FALSE                   ; Untyped                            ;
; WIDTH_ECCSTATUS                    ; 3                       ; Untyped                            ;
; DEVICE_FAMILY                      ; Cyclone II              ; Untyped                            ;
; CBXI_PARAMETER                     ; altsyncram_nbf1         ; Untyped                            ;
+------------------------------------+-------------------------+------------------------------------+
Note: In order to hide this table in the UI and the text report file, please set the "Show Parameter Settings in Synthesis Report" option in "Analysis and Synthesis Settings -> More Settings" to "Off".


+--------------------------------------------------------------------------------------------------+
; altsyncram Parameter Settings by Entity Instance                                                 ;
+-------------------------------------------+------------------------------------------------------+
; Name                                      ; Value                                                ;
+-------------------------------------------+------------------------------------------------------+
; Number of entity instances                ; 1                                                    ;
; Entity Instance                           ; memoriaPrincipal:ram|altsyncram:altsyncram_component ;
;     -- OPERATION_MODE                     ; SINGLE_PORT                                          ;
;     -- WIDTH_A                            ; 3                                                    ;
;     -- NUMWORDS_A                         ; 16                                                   ;
;     -- OUTDATA_REG_A                      ; CLOCK0                                               ;
;     -- WIDTH_B                            ; 1                                                    ;
;     -- NUMWORDS_B                         ; 1                                                    ;
;     -- ADDRESS_REG_B                      ; CLOCK1                                               ;
;     -- OUTDATA_REG_B                      ; UNREGISTERED                                         ;
;     -- RAM_BLOCK_TYPE                     ; M4K                                                  ;
;     -- READ_DURING_WRITE_MODE_MIXED_PORTS ; DONT_CARE                                            ;
+-------------------------------------------+------------------------------------------------------+


+-------------------------------+
; Elapsed Time Per Partition    ;
+----------------+--------------+
; Partition Name ; Elapsed Time ;
+----------------+--------------+
; Top            ; 00:00:00     ;
+----------------+--------------+


+-------------------------------+
; Analysis & Synthesis Messages ;
+-------------------------------+
Info: *******************************************************************
Info: Running Quartus II 64-Bit Analysis & Synthesis
    Info: Version 13.0.1 Build 232 06/12/2013 Service Pack 1 SJ Web Edition
    Info: Processing started: Tue Sep 13 00:47:43 2022
Info: Command: quartus_map --read_settings_files=on --write_settings_files=off memoriaCache -c memoriaCache
Warning (20028): Parallel compilation is not licensed and has been disabled
Info (12021): Found 1 design units, including 1 entities, in source file memoriacache.v
    Info (12023): Found entity 1: memoriaCache
Info (12021): Found 1 design units, including 1 entities, in source file memoriaprincipal.v
    Info (12023): Found entity 1: memoriaPrincipal
Warning (12019): Can't analyze file -- file hierarquiaMemoria.v is missing
Info (12021): Found 1 design units, including 1 entities, in source file teste_memoriacache.v
    Info (12023): Found entity 1: teste_memoriaCache
Info (12127): Elaborating entity "memoriaCache" for the top level hierarchy
Info (12128): Elaborating entity "memoriaPrincipal" for hierarchy "memoriaPrincipal:ram"
Info (12128): Elaborating entity "altsyncram" for hierarchy "memoriaPrincipal:ram|altsyncram:altsyncram_component"
Info (12130): Elaborated megafunction instantiation "memoriaPrincipal:ram|altsyncram:altsyncram_component"
Info (12133): Instantiated megafunction "memoriaPrincipal:ram|altsyncram:altsyncram_component" with the following parameter:
    Info (12134): Parameter "clock_enable_input_a" = "BYPASS"
    Info (12134): Parameter "clock_enable_output_a" = "BYPASS"
    Info (12134): Parameter "init_file" = "arquivoMemoriaCache.mif"
    Info (12134): Parameter "intended_device_family" = "Cyclone II"
    Info (12134): Parameter "lpm_hint" = "ENABLE_RUNTIME_MOD=NO"
    Info (12134): Parameter "lpm_type" = "altsyncram"
    Info (12134): Parameter "numwords_a" = "16"
    Info (12134): Parameter "operation_mode" = "SINGLE_PORT"
    Info (12134): Parameter "outdata_aclr_a" = "NONE"
    Info (12134): Parameter "outdata_reg_a" = "CLOCK0"
    Info (12134): Parameter "power_up_uninitialized" = "FALSE"
    Info (12134): Parameter "ram_block_type" = "M4K"
    Info (12134): Parameter "widthad_a" = "4"
    Info (12134): Parameter "width_a" = "3"
    Info (12134): Parameter "width_byteena_a" = "1"
Info (12021): Found 1 design units, including 1 entities, in source file db/altsyncram_nbf1.tdf
    Info (12023): Found entity 1: altsyncram_nbf1
Info (12128): Elaborating entity "altsyncram_nbf1" for hierarchy "memoriaPrincipal:ram|altsyncram:altsyncram_component|altsyncram_nbf1:auto_generated"
Info (17049): 3 registers lost all their fanouts during netlist optimizations.
Info (144001): Generated suppressed messages file C:/Users/Vitão/Desktop/Codes/LAOC2/projetoMemoriaCache/output_files/memoriaCache.map.smsg
Info (16010): Generating hard_block partition "hard_block:auto_generated_inst"
    Info (16011): Adding 0 node(s), including 0 DDIO, 0 PLL, 0 transceiver and 0 LCELL
Info (21057): Implemented 203 device resources after synthesis - the final resource count might be different
    Info (21058): Implemented 10 input pins
    Info (21059): Implemented 11 output pins
    Info (21061): Implemented 179 logic cells
    Info (21064): Implemented 3 RAM segments
Info: Quartus II 64-Bit Analysis & Synthesis was successful. 0 errors, 2 warnings
    Info: Peak virtual memory: 4615 megabytes
    Info: Processing ended: Tue Sep 13 00:47:46 2022
    Info: Elapsed time: 00:00:03
    Info: Total CPU time (on all processors): 00:00:02


+------------------------------------------+
; Analysis & Synthesis Suppressed Messages ;
+------------------------------------------+
The suppressed messages can be found in C:/Users/Vitão/Desktop/Codes/LAOC2/projetoMemoriaCache/output_files/memoriaCache.map.smsg.


